<?xml version="1.0" encoding="UTF-8"?>
<!-- Generated by org.testng.reporters.JUnitReportReporter -->
<testsuite hostname="Patel-G" failures="0" tests="1" name="Authentication_9.BasicAuthentication" time="2.780" errors="0" timestamp="2024-07-18T12:44:36 IST" skipped="0">
  <testcase classname="Authentication_9.BasicAuthentication" name="basicAuthTest" time="2.780"/>
  <system-out/>
</testsuite> <!-- Authentication_9.BasicAuthentication -->
