<?xml version="1.0" encoding="UTF-8"?>
<!-- Generated by org.testng.reporters.JUnitReportReporter -->
<testsuite hostname="Patel-G" failures="0" tests="2" name="com.ninza.hrm.api.employeeTest.EmployeeTest" time="4.306" errors="0" timestamp="2024-07-16T13:06:01 IST" skipped="0">
  <testcase classname="com.ninza.hrm.api.employeeTest.EmployeeTest" name="addEmployeWithOutEmail" time="0.245"/>
  <system-out/>
  <testcase classname="com.ninza.hrm.api.employeeTest.EmployeeTest" name="addEmploye" time="4.061"/>
  <system-out/>
</testsuite> <!-- com.ninza.hrm.api.employeeTest.EmployeeTest -->
