<?xml version="1.0" encoding="UTF-8"?>
<!-- Generated by org.testng.reporters.JUnitReportReporter -->
<testsuite hostname="Patel-G" failures="0" tests="1" name="RequestChaining_7.DeleteEmployee" time="4.527" errors="0" timestamp="2024-07-17T22:21:29 IST" skipped="0">
  <testcase classname="RequestChaining_7.DeleteEmployee" name="getEmployeeTest" time="4.527"/>
  <system-out/>
</testsuite> <!-- RequestChaining_7.DeleteEmployee -->
