<?xml version="1.0" encoding="UTF-8"?>
<!-- Generated by org.testng.reporters.JUnitReportReporter -->
<testsuite hostname="Patel-G" failures="0" tests="1" name="BackendApiTestAutomation_14.Employee" time="4.092" errors="0" timestamp="2024-07-18T12:00:16 IST" skipped="0">
  <testcase classname="BackendApiTestAutomation_14.Employee" name="addEmploye" time="4.092"/>
  <system-out/>
</testsuite> <!-- BackendApiTestAutomation_14.Employee -->
