<?xml version="1.0" encoding="UTF-8"?>
<!-- Generated by org.testng.reporters.JUnitReportReporter -->
<testsuite hostname="Patel-G" failures="0" tests="1" name="Authentication_9.DigestiveAuth" time="2.674" errors="0" timestamp="2024-07-18T12:49:28 IST" skipped="0">
  <testcase classname="Authentication_9.DigestiveAuth" name="digestiveAuthTest" time="2.674"/>
  <system-out/>
</testsuite> <!-- Authentication_9.DigestiveAuth -->
