<?xml version="1.0" encoding="UTF-8"?>
<!-- Generated by org.testng.reporters.JUnitReportReporter -->
<testsuite hostname="Patel-G" failures="0" tests="2" name="BaseApiUsage_17_3.Employee_17_3" time="2.680" errors="0" timestamp="2024-07-18T13:01:04 IST" skipped="0">
  <testcase classname="BaseApiUsage_17_3.Employee_17_3" name="addEmploye" time="2.361"/>
  <system-out/>
  <testcase classname="BaseApiUsage_17_3.Employee_17_3" name="addEmployeWithOutEmail" time="0.319"/>
  <system-out/>
</testsuite> <!-- BaseApiUsage_17_3.Employee_17_3 -->
