<?xml version="1.0" encoding="UTF-8"?>
<!-- Generated by org.testng.reporters.JUnitReportReporter -->
<testsuite hostname="Patel-G" failures="0" tests="1" name="com.sample.crud.with.bdd.smaplePostProjectTest" time="2.672" errors="0" timestamp="2024-07-16T16:27:13 IST" skipped="0">
  <testcase classname="com.sample.crud.with.bdd.smaplePostProjectTest" name="postProject" time="2.672"/>
  <system-out/>
</testsuite> <!-- com.sample.crud.with.bdd.smaplePostProjectTest -->
