<?xml version="1.0" encoding="UTF-8"?>
<!-- Generated by org.testng.reporters.JUnitReportReporter -->
<testsuite hostname="Patel-G" failures="0" tests="1" name="complextPostRequest_5.POST_request_via_jsonObjectTest1" time="2.198" errors="0" timestamp="2024-07-17T23:34:31 IST" skipped="0">
  <testcase classname="complextPostRequest_5.POST_request_via_jsonObjectTest1" name="postRequestViaJsonObjectTest" time="2.198"/>
  <system-out/>
</testsuite> <!-- complextPostRequest_5.POST_request_via_jsonObjectTest1 -->
