<?xml version="1.0" encoding="UTF-8"?>
<!-- Generated by org.testng.reporters.JUnitReportReporter -->
<testsuite hostname="Patel-G" failures="0" tests="2" name="com.ninza.hrm.api.employeeTest.ProjectTest" time="5.260" errors="0" timestamp="2024-07-16T13:00:19 IST" skipped="0">
  <testcase classname="com.ninza.hrm.api.employeeTest.ProjectTest" name="addDuplicateProject" time="0.107"/>
  <system-out/>
  <testcase classname="com.ninza.hrm.api.employeeTest.ProjectTest" name="addSingleProjectWithCreateTest" time="5.153"/>
  <system-out/>
</testsuite> <!-- com.ninza.hrm.api.employeeTest.ProjectTest -->
