<?xml version="1.0" encoding="UTF-8"?>
<!-- Generated by org.testng.reporters.JUnitReportReporter -->
<testsuite hostname="Patel-G" failures="0" tests="1" name="com.sample.crud.with.bdd.smapleGetProjectTest" time="2.714" errors="0" timestamp="2024-07-15T22:18:22 IST" skipped="0">
  <testcase classname="com.sample.crud.with.bdd.smapleGetProjectTest" name="getProject" time="2.714"/>
  <system-out/>
</testsuite> <!-- com.sample.crud.with.bdd.smapleGetProjectTest -->
