<?xml version="1.0" encoding="UTF-8"?>
<!-- Generated by org.testng.reporters.JUnitReportReporter -->
<testsuite hostname="Patel-G" failures="0" tests="1" name="Authentication_9.PreemptiveAuth" time="2.617" errors="0" timestamp="2024-07-18T12:47:54 IST" skipped="0">
  <testcase classname="Authentication_9.PreemptiveAuth" name="prremptiveAuthTest" time="2.617"/>
  <system-out/>
</testsuite> <!-- Authentication_9.PreemptiveAuth -->
