<?xml version="1.0" encoding="UTF-8"?>
<!-- Generated by org.testng.reporters.JUnitReportReporter -->
<testsuite hostname="Patel-G" failures="0" tests="2" name="RequestChaining_7.DeleteFirstProject" time="4.632" errors="0" timestamp="2024-07-16T23:02:14 IST" skipped="0">
  <testcase classname="RequestChaining_7.DeleteFirstProject" name="deleteProjectTest" time="0.465"/>
  <system-out/>
  <testcase classname="RequestChaining_7.DeleteFirstProject" name="getAllProjectsTest" time="4.167"/>
  <system-out/>
</testsuite> <!-- RequestChaining_7.DeleteFirstProject -->
