<?xml version="1.0" encoding="UTF-8"?>
<!-- Generated by org.testng.reporters.JUnitReportReporter -->
<testsuite hostname="Patel-G" failures="0" tests="2" name="BackendApiTestAutomation_14.Project" time="3.048" errors="0" timestamp="2024-07-18T11:09:24 IST" skipped="0">
  <testcase classname="BackendApiTestAutomation_14.Project" name="addSingleProjectWithCreated" time="2.969"/>
  <system-out/>
  <testcase classname="BackendApiTestAutomation_14.Project" name="addDuplicateProject" time="0.079"/>
  <system-out/>
</testsuite> <!-- BackendApiTestAutomation_14.Project -->
