<?xml version="1.0" encoding="UTF-8"?>
<!-- Generated by org.testng.reporters.JUnitReportReporter -->
<testsuite hostname="Patel-G" failures="0" tests="2" name="RequestChaining_7.AddEmployeeToProject" time="4.524" errors="0" timestamp="2024-07-17T23:29:08 IST" skipped="0">
  <testcase classname="RequestChaining_7.AddEmployeeToProject" name="createProjectTest" time="3.023"/>
  <system-out/>
  <testcase classname="RequestChaining_7.AddEmployeeToProject" name="addEmployeeToProjectTest" time="1.501"/>
  <system-out/>
</testsuite> <!-- RequestChaining_7.AddEmployeeToProject -->
