<?xml version="1.0" encoding="UTF-8"?>
<!-- Generated by org.testng.reporters.JUnitReportReporter -->
<testsuite hostname="Patel-G" failures="0" tests="1" name="Parameters.PathParameter" time="2.438" errors="0" timestamp="2024-07-15T22:23:17 IST" skipped="0">
  <testcase classname="Parameters.PathParameter" name="pathParameterTest" time="2.438"/>
  <system-out/>
</testsuite> <!-- Parameters.PathParameter -->
