<?xml version="1.0" encoding="UTF-8"?>
<!-- Generated by org.testng.reporters.JUnitReportReporter -->
<testsuite hostname="Patel-G" failures="0" tests="2" name="RequestChaining_7.DeleteProjectTest" time="3.968" errors="0" timestamp="2024-07-16T22:34:07 IST" skipped="0">
  <testcase classname="RequestChaining_7.DeleteProjectTest" name="deleteProjectTest" time="0.189"/>
  <system-out/>
  <testcase classname="RequestChaining_7.DeleteProjectTest" name="createProjectTest" time="3.779"/>
  <system-out/>
</testsuite> <!-- RequestChaining_7.DeleteProjectTest -->
